2024-12-18 09:50:52.221  INFO 19544 --- [main] c.c.c.ConfigServicePropertySourceLocator : Fetching config from server at : http://localhost:8888
2024-12-18 09:50:52.389  INFO 19544 --- [main] c.c.c.ConfigServicePropertySourceLocator : Connect Timeout Exception on Url - http://localhost:8888. Will be trying the next url if available
2024-12-18 09:50:52.390  WARN 19544 --- [main] c.c.c.ConfigServicePropertySourceLocator : Could not locate PropertySource: I/O error on GET request for "http://localhost:8888/dmapp/local": Connection refused: no further information; nested exception is java.net.ConnectException: Connection refused: no further information
2024-12-18 09:50:52.393  INFO 19544 --- [main] com.cmd.excel.CmdAppApplication          : The following 1 profile is active: "local"
2024-12-18 09:50:53.683  INFO 19544 --- [main] .s.d.r.c.RepositoryConfigurationDelegate : Bootstrapping Spring Data JPA repositories in DEFAULT mode.
2024-12-18 09:50:53.861  INFO 19544 --- [main] .s.d.r.c.RepositoryConfigurationDelegate : Finished Spring Data repository scanning in 165 ms. Found 23 JPA repository interfaces.
2024-12-18 09:50:54.189  INFO 19544 --- [main] o.s.cloud.context.scope.GenericScope     : BeanFactory id=520f8326-4dfb-3f89-887b-4df2b5787f0c
2024-12-18 09:50:54.912  INFO 19544 --- [main] o.s.b.w.embedded.tomcat.TomcatWebServer  : Tomcat initialized with port(s): 9090 (http)
2024-12-18 09:50:54.928  INFO 19544 --- [main] o.apache.catalina.core.StandardService   : Starting service [Tomcat]
2024-12-18 09:50:54.930  INFO 19544 --- [main] org.apache.catalina.core.StandardEngine  : Starting Servlet engine: [Apache Tomcat/9.0.60]
2024-12-18 09:50:55.134  INFO 19544 --- [main] o.a.c.c.C.[Tomcat].[localhost].[/]       : Initializing Spring embedded WebApplicationContext
2024-12-18 09:50:55.135  INFO 19544 --- [main] w.s.c.ServletWebServerApplicationContext : Root WebApplicationContext: initialization completed in 2706 ms
2024-12-18 09:50:55.610  INFO 19544 --- [main] o.hibernate.jpa.internal.util.LogHelper  : HHH000204: Processing PersistenceUnitInfo [name: default]
2024-12-18 09:50:55.744  INFO 19544 --- [main] org.hibernate.Version                    : HHH000412: Hibernate ORM core version 5.6.7.Final
2024-12-18 09:50:56.193  INFO 19544 --- [main] o.hibernate.annotations.common.Version   : HCANN000001: Hibernate Commons Annotations {5.1.2.Final}
2024-12-18 09:50:56.414  WARN 19544 --- [main] com.zaxxer.hikari.HikariConfig           : HikariPool-1 - idleTimeout has been set but has no effect because the pool is operating as a fixed size pool.
2024-12-18 09:50:56.417  INFO 19544 --- [main] com.zaxxer.hikari.HikariDataSource       : HikariPool-1 - Starting...
2024-12-18 09:50:56.898  INFO 19544 --- [main] com.zaxxer.hikari.HikariDataSource       : HikariPool-1 - Start completed.
2024-12-18 09:50:56.936  INFO 19544 --- [main] org.hibernate.dialect.Dialect            : HHH000400: Using dialect: org.hibernate.dialect.MySQL5InnoDBDialect
2024-12-18 09:50:57.449  WARN 19544 --- [main] org.hibernate.mapping.RootClass          : HHH000038: Composite-id class does not override equals(): com.cmd.excel.model.embed.EntityXreferenceRequestEmbed
2024-12-18 09:50:57.450  WARN 19544 --- [main] org.hibernate.mapping.RootClass          : HHH000039: Composite-id class does not override hashCode(): com.cmd.excel.model.embed.EntityXreferenceRequestEmbed
2024-12-18 09:50:58.557  INFO 19544 --- [main] o.h.e.t.j.p.i.JtaPlatformInitiator       : HHH000490: Using JtaPlatform implementation: [org.hibernate.engine.transaction.jta.platform.internal.NoJtaPlatform]
2024-12-18 09:50:58.575  INFO 19544 --- [main] j.LocalContainerEntityManagerFactoryBean : Initialized JPA EntityManagerFactory for persistence unit 'default'
2024-12-18 09:50:59.867  INFO 19544 --- [main] f.a.AutowiredAnnotationBeanPostProcessor : Autowired annotation is not supported on static fields: private static java.lang.String com.cmd.excel.repository.RegisterRepository.emailUsername
2024-12-18 09:50:59.868  INFO 19544 --- [main] f.a.AutowiredAnnotationBeanPostProcessor : Autowired annotation is not supported on static fields: private static java.lang.String com.cmd.excel.repository.RegisterRepository.emailPassword
2024-12-18 09:50:59.966  INFO 19544 --- [main] org.quartz.impl.StdSchedulerFactory      : Using default implementation for ThreadExecutor
2024-12-18 09:50:59.993  INFO 19544 --- [main] org.quartz.core.SchedulerSignalerImpl    : Initialized Scheduler Signaller of type: class org.quartz.core.SchedulerSignalerImpl
2024-12-18 09:50:59.994  INFO 19544 --- [main] org.quartz.core.QuartzScheduler          : Quartz Scheduler v.2.3.2 created.
2024-12-18 09:50:59.996  INFO 19544 --- [main] org.quartz.simpl.RAMJobStore             : RAMJobStore initialized.
2024-12-18 09:50:59.998  INFO 19544 --- [main] org.quartz.core.QuartzScheduler          : Scheduler meta-data: Quartz Scheduler (v2.3.2) 'quartzScheduler' with instanceId 'NON_CLUSTERED'
  Scheduler class: 'org.quartz.core.QuartzScheduler' - running locally.
  NOT STARTED.
  Currently in standby mode.
  Number of jobs executed: 0
  Using thread pool 'org.quartz.simpl.SimpleThreadPool' - with 10 threads.
  Using job-store 'org.quartz.simpl.RAMJobStore' - which does not support persistence. and is not clustered.

2024-12-18 09:51:00.000  INFO 19544 --- [main] org.quartz.impl.StdSchedulerFactory      : Quartz scheduler 'quartzScheduler' initialized from an externally provided properties instance.
2024-12-18 09:51:00.001  INFO 19544 --- [main] org.quartz.impl.StdSchedulerFactory      : Quartz scheduler version: 2.3.2
2024-12-18 09:51:00.002  INFO 19544 --- [main] org.quartz.core.QuartzScheduler          : JobFactory set to: org.springframework.scheduling.quartz.SpringBeanJobFactory@53570fff
2024-12-18 09:51:01.001  WARN 19544 --- [main] JpaBaseConfiguration$JpaWebConfiguration : spring.jpa.open-in-view is enabled by default. Therefore, database queries may be performed during view rendering. Explicitly configure spring.jpa.open-in-view to disable this warning
2024-12-18 09:51:03.019  INFO 19544 --- [main] o.s.b.a.e.web.EndpointLinksResolver      : Exposing 17 endpoint(s) beneath base path '/actuator'
2024-12-18 09:51:03.292  INFO 19544 --- [main] o.s.b.w.embedded.tomcat.TomcatWebServer  : Tomcat started on port(s): 9090 (http) with context path ''
2024-12-18 09:51:03.477  INFO 19544 --- [main] o.s.s.quartz.SchedulerFactoryBean        : Starting Quartz Scheduler now
2024-12-18 09:51:03.479  INFO 19544 --- [main] org.quartz.core.QuartzScheduler          : Scheduler quartzScheduler_$_NON_CLUSTERED started.
2024-12-18 09:51:03.528  INFO 19544 --- [main] com.cmd.excel.CmdAppApplication          : Started CmdAppApplication in 12.832 seconds (JVM running for 13.523)
2024-12-18 09:52:11.879  INFO 19544 --- [http-nio-9090-exec-1] o.a.c.c.C.[Tomcat].[localhost].[/]       : Initializing Spring DispatcherServlet 'dispatcherServlet'
2024-12-18 09:52:11.880  INFO 19544 --- [http-nio-9090-exec-1] o.s.web.servlet.DispatcherServlet        : Initializing Servlet 'dispatcherServlet'
2024-12-18 09:52:11.885  INFO 19544 --- [http-nio-9090-exec-1] o.s.web.servlet.DispatcherServlet        : Completed initialization in 4 ms
2024-12-18 09:52:18.481  INFO 19544 --- [http-nio-9090-exec-3] com.cmd.excel.service.LoginService       : Checking bad request
2024-12-18 09:52:18.482  INFO 19544 --- [http-nio-9090-exec-3] com.cmd.excel.service.LoginService       : Getting User from db after checking user exists
2024-12-18 09:52:18.485  INFO 19544 --- [http-nio-9090-exec-3] com.cmd.excel.service.LoginService       : SSO is : false 
2024-12-18 09:52:18.486  INFO 19544 --- [http-nio-9090-exec-3] com.cmd.excel.service.LoginService       : Decrypting pwd
2024-12-18 09:52:22.263  INFO 19544 --- [http-nio-9090-exec-6] com.cmd.excel.service.LoginService       : Checking bad request
2024-12-18 09:52:22.264  INFO 19544 --- [http-nio-9090-exec-6] com.cmd.excel.service.LoginService       : Getting User from db after checking user exists
2024-12-18 09:52:22.265  INFO 19544 --- [http-nio-9090-exec-6] com.cmd.excel.service.LoginService       : SSO is : false 
2024-12-18 09:52:22.266  INFO 19544 --- [http-nio-9090-exec-6] com.cmd.excel.service.LoginService       : Decrypting pwd
2024-12-18 09:53:03.655  INFO 19544 --- [http-nio-9090-exec-8] com.cmd.excel.service.LoginService       : Checking bad request
2024-12-18 09:53:03.656  INFO 19544 --- [http-nio-9090-exec-8] com.cmd.excel.service.LoginService       : Getting User from db after checking user exists
2024-12-18 09:53:03.657  INFO 19544 --- [http-nio-9090-exec-8] com.cmd.excel.service.LoginService       : SSO is : false 
2024-12-18 09:53:03.658  INFO 19544 --- [http-nio-9090-exec-8] com.cmd.excel.service.LoginService       : Decrypting pwd
2024-12-18 09:53:10.248  INFO 19544 --- [http-nio-9090-exec-9] com.cmd.excel.service.LoginService       : Checking bad request
2024-12-18 09:53:10.249  INFO 19544 --- [http-nio-9090-exec-9] com.cmd.excel.service.LoginService       : Getting User from db after checking user exists
2024-12-18 09:53:10.251  INFO 19544 --- [http-nio-9090-exec-9] com.cmd.excel.service.LoginService       : SSO is : false 
2024-12-18 09:53:10.251  INFO 19544 --- [http-nio-9090-exec-9] com.cmd.excel.service.LoginService       : Decrypting pwd
2024-12-18 09:53:31.360  INFO 19544 --- [http-nio-9090-exec-4] com.cmd.excel.service.LoginService       : Checking bad request
2024-12-18 09:53:31.361  INFO 19544 --- [http-nio-9090-exec-4] com.cmd.excel.service.LoginService       : Getting User from db after checking user exists
2024-12-18 09:53:31.362  INFO 19544 --- [http-nio-9090-exec-4] com.cmd.excel.service.LoginService       : SSO is : false 
2024-12-18 09:53:31.362  INFO 19544 --- [http-nio-9090-exec-4] com.cmd.excel.service.LoginService       : Decrypting pwd
2024-12-18 09:53:31.363  INFO 19544 --- [http-nio-9090-exec-4] com.cmd.excel.service.LoginService       : Check delete flag
2024-12-18 09:53:31.363  INFO 19544 --- [http-nio-9090-exec-4] com.cmd.excel.service.LoginService       : Checking user exists
2024-12-18 09:53:31.445  INFO 19544 --- [http-nio-9090-exec-4] com.cmd.excel.service.LoginService       : Getting user details
2024-12-18 09:53:33.610  INFO 19544 --- [http-nio-9090-exec-4] com.cmd.excel.service.LoginService       : Checking user details contains user id
2024-12-18 09:53:33.707  INFO 19544 --- [http-nio-9090-exec-4] com.cmd.excel.service.LoginService       : Login successfull
2024-12-18 09:53:33.708  INFO 19544 --- [http-nio-9090-exec-4] com.cmd.excel.service.LoginService       : test User logged in successfully
2024-12-18 09:53:33.710  INFO 19544 --- [http-nio-9090-exec-4] com.cmd.excel.service.LoginService       : test User logged in successfully
2024-12-18 09:53:33.832  INFO 19544 --- [http-nio-9090-exec-10] c.c.excel.service.UserManagementService  : ALL Role s Fetched Successfully
2024-12-18 09:53:43.272  INFO 19544 --- [http-nio-9090-exec-2] c.c.excel.service.UserManagementService  : Role Permissions fetched successfully
2024-12-18 09:53:45.022  INFO 19544 --- [http-nio-9090-exec-6] c.c.excel.controller.ViewDataController  : Table data Fetched Successfully
2024-12-18 09:54:25.961  INFO 19544 --- [http-nio-9090-exec-9] c.c.excel.service.UserManagementService  : ALL Role s Fetched Successfully
2024-12-18 09:54:26.105  INFO 19544 --- [http-nio-9090-exec-5] c.c.excel.service.UserManagementService  : ALL Modules Fetched Successfully
2024-12-18 09:54:26.253  INFO 19544 --- [http-nio-9090-exec-1] c.c.excel.service.UserManagementService  : ALL Submodules Fetched Successfully
2024-12-18 09:54:26.397  INFO 19544 --- [http-nio-9090-exec-3] c.c.excel.service.UserManagementService  : ALL Tables Fetched Successfully
2024-12-18 09:54:26.545  INFO 19544 --- [http-nio-9090-exec-7] c.c.excel.service.UserManagementService  : ALL Access Permissionss Fetched Successfully
2024-12-18 09:54:26.592  INFO 19544 --- [http-nio-9090-exec-9] c.c.excel.service.UserManagementService  : Role Permissions fetched successfully
2024-12-18 09:54:29.462  INFO 19544 --- [http-nio-9090-exec-5] c.c.excel.service.UserManagementService  : Role Permissions fetched successfully
2024-12-18 09:54:34.288  INFO 19544 --- [http-nio-9090-exec-1] c.c.excel.service.UserManagementService  : Role Permissions fetched successfully
2024-12-18 09:54:34.321  INFO 19544 --- [http-nio-9090-exec-2] c.c.excel.service.UserManagementService  : Role Permissions fetched successfully
2024-12-18 09:54:56.222  INFO 19544 --- [http-nio-9090-exec-7] com.cmd.excel.service.LoginService       : Checking bad request
2024-12-18 09:54:56.224  INFO 19544 --- [http-nio-9090-exec-7] com.cmd.excel.service.LoginService       : Getting User from db after checking user exists
2024-12-18 09:54:56.225  INFO 19544 --- [http-nio-9090-exec-7] com.cmd.excel.service.LoginService       : SSO is : false 
2024-12-18 09:54:56.225  INFO 19544 --- [http-nio-9090-exec-7] com.cmd.excel.service.LoginService       : Decrypting pwd
2024-12-18 09:54:56.226  INFO 19544 --- [http-nio-9090-exec-7] com.cmd.excel.service.LoginService       : Check delete flag
2024-12-18 09:54:56.226  INFO 19544 --- [http-nio-9090-exec-7] com.cmd.excel.service.LoginService       : Checking user exists
2024-12-18 09:54:56.249  INFO 19544 --- [http-nio-9090-exec-7] com.cmd.excel.service.LoginService       : Getting user details
2024-12-18 09:54:56.471  INFO 19544 --- [http-nio-9090-exec-7] com.cmd.excel.service.LoginService       : Exception while login
2024-12-18 09:54:56.472  INFO 19544 --- [http-nio-9090-exec-7] com.cmd.excel.service.LoginService       : A different object with the same identifier value was already associated with the session : [com.cmd.excel.model.UserToken#0]; nested exception is javax.persistence.EntityExistsException: A different object with the same identifier value was already associated with the session : [com.cmd.excel.model.UserToken#0]
2024-12-18 09:54:56.472  INFO 19544 --- [http-nio-9090-exec-7] com.cmd.excel.service.LoginService       : A different object with the same identifier value was already associated with the session : [com.cmd.excel.model.UserToken#0]; nested exception is javax.persistence.EntityExistsException: A different object with the same identifier value was already associated with the session : [com.cmd.excel.model.UserToken#0]
2024-12-18 09:54:56.473 ERROR 19544 --- [http-nio-9090-exec-7] com.cmd.excel.service.LoginService       : A different object with the same identifier value was already associated with the session : [com.cmd.excel.model.UserToken#0]; nested exception is javax.persistence.EntityExistsException: A different object with the same identifier value was already associated with the session : [com.cmd.excel.model.UserToken#0]
2024-12-18 09:55:00.635  INFO 19544 --- [http-nio-9090-exec-8] com.cmd.excel.service.LoginService       : Checking bad request
2024-12-18 09:55:00.636  INFO 19544 --- [http-nio-9090-exec-8] com.cmd.excel.service.LoginService       : Getting User from db after checking user exists
2024-12-18 09:55:00.637  INFO 19544 --- [http-nio-9090-exec-8] com.cmd.excel.service.LoginService       : SSO is : false 
2024-12-18 09:55:00.637  INFO 19544 --- [http-nio-9090-exec-8] com.cmd.excel.service.LoginService       : Decrypting pwd
2024-12-18 09:55:00.638  INFO 19544 --- [http-nio-9090-exec-8] com.cmd.excel.service.LoginService       : Check delete flag
2024-12-18 09:55:00.638  INFO 19544 --- [http-nio-9090-exec-8] com.cmd.excel.service.LoginService       : Checking user exists
2024-12-18 09:55:00.660  INFO 19544 --- [http-nio-9090-exec-8] com.cmd.excel.service.LoginService       : Getting user details
2024-12-18 09:55:00.875  INFO 19544 --- [http-nio-9090-exec-8] com.cmd.excel.service.LoginService       : Exception while login
2024-12-18 09:55:00.876  INFO 19544 --- [http-nio-9090-exec-8] com.cmd.excel.service.LoginService       : A different object with the same identifier value was already associated with the session : [com.cmd.excel.model.UserToken#0]; nested exception is javax.persistence.EntityExistsException: A different object with the same identifier value was already associated with the session : [com.cmd.excel.model.UserToken#0]
2024-12-18 09:55:00.877  INFO 19544 --- [http-nio-9090-exec-8] com.cmd.excel.service.LoginService       : A different object with the same identifier value was already associated with the session : [com.cmd.excel.model.UserToken#0]; nested exception is javax.persistence.EntityExistsException: A different object with the same identifier value was already associated with the session : [com.cmd.excel.model.UserToken#0]
2024-12-18 09:55:00.878 ERROR 19544 --- [http-nio-9090-exec-8] com.cmd.excel.service.LoginService       : A different object with the same identifier value was already associated with the session : [com.cmd.excel.model.UserToken#0]; nested exception is javax.persistence.EntityExistsException: A different object with the same identifier value was already associated with the session : [com.cmd.excel.model.UserToken#0]
2024-12-18 09:55:13.143  INFO 19544 --- [http-nio-9090-exec-9] com.cmd.excel.service.LoginService       : Checking bad request
2024-12-18 09:55:13.144  INFO 19544 --- [http-nio-9090-exec-9] com.cmd.excel.service.LoginService       : Getting User from db after checking user exists
2024-12-18 09:55:13.145  INFO 19544 --- [http-nio-9090-exec-9] com.cmd.excel.service.LoginService       : SSO is : false 
2024-12-18 09:55:13.145  INFO 19544 --- [http-nio-9090-exec-9] com.cmd.excel.service.LoginService       : Decrypting pwd
2024-12-18 09:55:13.145  INFO 19544 --- [http-nio-9090-exec-9] com.cmd.excel.service.LoginService       : Check delete flag
2024-12-18 09:55:13.146  INFO 19544 --- [http-nio-9090-exec-9] com.cmd.excel.service.LoginService       : Checking user exists
2024-12-18 09:55:13.168  INFO 19544 --- [http-nio-9090-exec-9] com.cmd.excel.service.LoginService       : Getting user details
2024-12-18 09:55:14.648  INFO 19544 --- [http-nio-9090-exec-9] com.cmd.excel.service.LoginService       : Checking user details contains user id
2024-12-18 09:55:14.726  INFO 19544 --- [http-nio-9090-exec-9] com.cmd.excel.service.LoginService       : Login successfull
2024-12-18 09:55:14.728  INFO 19544 --- [http-nio-9090-exec-9] com.cmd.excel.service.LoginService       : test User logged in successfully
2024-12-18 09:55:14.728  INFO 19544 --- [http-nio-9090-exec-9] com.cmd.excel.service.LoginService       : test User logged in successfully
2024-12-18 09:55:14.813  INFO 19544 --- [http-nio-9090-exec-4] c.c.excel.service.UserManagementService  : ALL Role s Fetched Successfully
2024-12-18 09:55:24.211  INFO 19544 --- [http-nio-9090-exec-10] c.c.excel.service.UserManagementService  : ALL Role s Fetched Successfully
2024-12-18 09:55:24.542  INFO 19544 --- [http-nio-9090-exec-2] c.c.excel.service.UserManagementService  : ALL Role s Fetched Successfully
2024-12-18 09:55:52.913  INFO 19544 --- [http-nio-9090-exec-3] c.c.excel.service.UserManagementService  : ALL Role s Fetched Successfully
2024-12-18 09:55:55.912  INFO 19544 --- [http-nio-9090-exec-6] c.c.excel.service.UserManagementService  : ALL Role s Fetched Successfully
2024-12-18 09:56:09.156  INFO 19544 --- [http-nio-9090-exec-7] c.c.excel.service.UserManagementService  : ALL Role s Fetched Successfully
2024-12-18 09:56:12.617  INFO 19544 --- [http-nio-9090-exec-8] c.c.excel.service.UserManagementService  : ALL Role s Fetched Successfully
2024-12-18 09:56:21.575  INFO 19544 --- [http-nio-9090-exec-9] c.c.excel.service.UserManagementService  : ALL Role s Fetched Successfully
2024-12-18 09:56:34.020  INFO 19544 --- [http-nio-9090-exec-4] c.c.excel.service.UserManagementService  : ALL Role s Fetched Successfully
2024-12-18 09:56:35.729  INFO 19544 --- [http-nio-9090-exec-5] c.c.excel.service.UserManagementService  : ALL Role s Fetched Successfully
2024-12-18 09:56:39.932  INFO 19544 --- [http-nio-9090-exec-10] c.c.excel.service.UserManagementService  : ALL Role s Fetched Successfully
2024-12-18 09:56:47.389  INFO 19544 --- [http-nio-9090-exec-1] c.c.excel.service.UserManagementService  : ALL Role s Fetched Successfully
2024-12-18 09:56:50.255  INFO 19544 --- [http-nio-9090-exec-2] c.c.excel.service.UserManagementService  : ALL Role s Fetched Successfully
2024-12-18 09:56:59.385  INFO 19544 --- [http-nio-9090-exec-3] c.c.excel.service.UserManagementService  : ALL Role s Fetched Successfully
2024-12-18 09:57:00.619  INFO 19544 --- [http-nio-9090-exec-6] c.c.excel.service.UserManagementService  : ALL Role s Fetched Successfully
2024-12-18 09:57:03.203  INFO 19544 --- [http-nio-9090-exec-7] c.c.excel.service.UserManagementService  : ALL Role s Fetched Successfully
2024-12-18 09:57:10.072  INFO 19544 --- [http-nio-9090-exec-8] c.c.excel.service.UserManagementService  : ALL Role s Fetched Successfully
2024-12-18 09:57:38.846  INFO 19544 --- [http-nio-9090-exec-9] c.c.excel.service.UserManagementService  : ALL Role s Fetched Successfully
2024-12-18 09:57:41.456  INFO 19544 --- [http-nio-9090-exec-4] c.c.excel.service.UserManagementService  : ALL Role s Fetched Successfully
2024-12-18 09:57:45.842  INFO 19544 --- [http-nio-9090-exec-5] c.c.excel.service.UserManagementService  : ALL Role s Fetched Successfully
2024-12-18 09:57:49.119  INFO 19544 --- [http-nio-9090-exec-10] c.c.excel.service.UserManagementService  : ALL Role s Fetched Successfully
2024-12-18 09:58:36.656  INFO 19544 --- [http-nio-9090-exec-2] c.c.excel.service.UserManagementService  : ALL Role s Fetched Successfully
2024-12-18 09:58:42.604  INFO 19544 --- [http-nio-9090-exec-3] c.c.excel.service.UserManagementService  : ALL Role s Fetched Successfully
2024-12-18 09:59:36.232  INFO 19544 --- [http-nio-9090-exec-7] com.cmd.excel.service.LoginService       : Checking bad request
2024-12-18 09:59:36.232  INFO 19544 --- [http-nio-9090-exec-7] com.cmd.excel.service.LoginService       : Getting User from db after checking user exists
2024-12-18 09:59:36.233  INFO 19544 --- [http-nio-9090-exec-7] com.cmd.excel.service.LoginService       : SSO is : false 
2024-12-18 09:59:36.233  INFO 19544 --- [http-nio-9090-exec-7] com.cmd.excel.service.LoginService       : Decrypting pwd
2024-12-18 09:59:36.235  INFO 19544 --- [http-nio-9090-exec-7] com.cmd.excel.service.LoginService       : Check delete flag
2024-12-18 09:59:36.235  INFO 19544 --- [http-nio-9090-exec-7] com.cmd.excel.service.LoginService       : Checking user exists
2024-12-18 09:59:36.258  INFO 19544 --- [http-nio-9090-exec-7] com.cmd.excel.service.LoginService       : Getting user details
2024-12-18 09:59:36.477  INFO 19544 --- [http-nio-9090-exec-7] com.cmd.excel.service.LoginService       : Exception while login
2024-12-18 09:59:36.478  INFO 19544 --- [http-nio-9090-exec-7] com.cmd.excel.service.LoginService       : A different object with the same identifier value was already associated with the session : [com.cmd.excel.model.UserToken#0]; nested exception is javax.persistence.EntityExistsException: A different object with the same identifier value was already associated with the session : [com.cmd.excel.model.UserToken#0]
2024-12-18 09:59:36.480  INFO 19544 --- [http-nio-9090-exec-7] com.cmd.excel.service.LoginService       : A different object with the same identifier value was already associated with the session : [com.cmd.excel.model.UserToken#0]; nested exception is javax.persistence.EntityExistsException: A different object with the same identifier value was already associated with the session : [com.cmd.excel.model.UserToken#0]
2024-12-18 09:59:36.481 ERROR 19544 --- [http-nio-9090-exec-7] com.cmd.excel.service.LoginService       : A different object with the same identifier value was already associated with the session : [com.cmd.excel.model.UserToken#0]; nested exception is javax.persistence.EntityExistsException: A different object with the same identifier value was already associated with the session : [com.cmd.excel.model.UserToken#0]
2024-12-18 09:59:46.150  INFO 19544 --- [http-nio-9090-exec-8] com.cmd.excel.service.LoginService       : Checking bad request
2024-12-18 09:59:46.151  INFO 19544 --- [http-nio-9090-exec-8] com.cmd.excel.service.LoginService       : Getting User from db after checking user exists
2024-12-18 09:59:46.152  INFO 19544 --- [http-nio-9090-exec-8] com.cmd.excel.service.LoginService       : SSO is : false 
2024-12-18 09:59:46.152  INFO 19544 --- [http-nio-9090-exec-8] com.cmd.excel.service.LoginService       : Decrypting pwd
2024-12-18 09:59:46.153  INFO 19544 --- [http-nio-9090-exec-8] com.cmd.excel.service.LoginService       : Check delete flag
2024-12-18 09:59:46.153  INFO 19544 --- [http-nio-9090-exec-8] com.cmd.excel.service.LoginService       : Checking user exists
2024-12-18 09:59:46.178  INFO 19544 --- [http-nio-9090-exec-8] com.cmd.excel.service.LoginService       : Getting user details
2024-12-18 09:59:47.761  INFO 19544 --- [http-nio-9090-exec-8] com.cmd.excel.service.LoginService       : Checking user details contains user id
2024-12-18 09:59:47.822  INFO 19544 --- [http-nio-9090-exec-8] com.cmd.excel.service.LoginService       : Login successfull
2024-12-18 09:59:47.823  INFO 19544 --- [http-nio-9090-exec-8] com.cmd.excel.service.LoginService       : test User logged in successfully
2024-12-18 09:59:47.823  INFO 19544 --- [http-nio-9090-exec-8] com.cmd.excel.service.LoginService       : test User logged in successfully
2024-12-18 09:59:47.894  INFO 19544 --- [http-nio-9090-exec-9] c.c.excel.service.UserManagementService  : ALL Role s Fetched Successfully
2024-12-18 09:59:49.461  INFO 19544 --- [http-nio-9090-exec-5] c.c.excel.service.UserManagementService  : ALL Role s Fetched Successfully
2024-12-18 09:59:49.790  INFO 19544 --- [http-nio-9090-exec-1] c.c.excel.service.UserManagementService  : ALL Role s Fetched Successfully
2024-12-18 09:59:51.004  INFO 19544 --- [http-nio-9090-exec-3] c.c.excel.service.UserManagementService  : ALL Role s Fetched Successfully
2024-12-18 09:59:51.340  INFO 19544 --- [http-nio-9090-exec-7] c.c.excel.service.UserManagementService  : ALL Role s Fetched Successfully
2024-12-18 09:59:59.113  INFO 19544 --- [http-nio-9090-exec-8] c.c.excel.service.UserManagementService  : ALL Role s Fetched Successfully
2024-12-18 10:00:21.393  INFO 19544 --- [http-nio-9090-exec-9] c.c.excel.service.UserManagementService  : ALL Role s Fetched Successfully
2024-12-18 10:00:22.961  INFO 19544 --- [http-nio-9090-exec-5] c.c.excel.service.UserManagementService  : ALL Role s Fetched Successfully
2024-12-18 10:00:23.274  INFO 19544 --- [http-nio-9090-exec-1] c.c.excel.service.UserManagementService  : ALL Role s Fetched Successfully
2024-12-18 10:00:30.258  INFO 19544 --- [http-nio-9090-exec-2] c.c.excel.service.UserManagementService  : ALL Role s Fetched Successfully
2024-12-18 10:00:31.646  INFO 19544 --- [http-nio-9090-exec-3] c.c.excel.service.UserManagementService  : ALL Role s Fetched Successfully
2024-12-18 10:01:01.698  INFO 19544 --- [http-nio-9090-exec-8] c.c.excel.service.UserManagementService  : ALL Role s Fetched Successfully
2024-12-18 10:01:02.022  INFO 19544 --- [http-nio-9090-exec-4] c.c.excel.service.UserManagementService  : ALL Role s Fetched Successfully
2024-12-18 10:01:05.708  INFO 19544 --- [http-nio-9090-exec-10] c.c.excel.service.UserManagementService  : ALL Role s Fetched Successfully
2024-12-18 10:01:05.977  INFO 19544 --- [http-nio-9090-exec-2] c.c.excel.service.UserManagementService  : ALL Role s Fetched Successfully
2024-12-18 10:01:09.599  INFO 19544 --- [http-nio-9090-exec-3] c.c.excel.service.UserManagementService  : ALL Role s Fetched Successfully
2024-12-18 10:01:34.064  INFO 19544 --- [http-nio-9090-exec-6] c.c.excel.service.UserManagementService  : ALL Role s Fetched Successfully
2024-12-18 10:01:35.066  INFO 19544 --- [http-nio-9090-exec-7] c.c.excel.service.UserManagementService  : ALL Role s Fetched Successfully
2024-12-18 10:01:35.105  INFO 19544 --- [http-nio-9090-exec-9] c.c.excel.service.UserManagementService  : ALL User s Fetched Successfully
2024-12-18 10:01:36.628  INFO 19544 --- [http-nio-9090-exec-4] c.c.excel.service.UserManagementService  : ALL Role s Fetched Successfully
2024-12-18 10:01:36.770  INFO 19544 --- [http-nio-9090-exec-5] c.c.excel.service.UserManagementService  : ALL Modules Fetched Successfully
2024-12-18 10:01:36.905  INFO 19544 --- [http-nio-9090-exec-10] c.c.excel.service.UserManagementService  : ALL Submodules Fetched Successfully
2024-12-18 10:01:37.039  INFO 19544 --- [http-nio-9090-exec-1] c.c.excel.service.UserManagementService  : ALL Tables Fetched Successfully
2024-12-18 10:01:37.174  INFO 19544 --- [http-nio-9090-exec-2] c.c.excel.service.UserManagementService  : ALL Access Permissionss Fetched Successfully
2024-12-18 10:01:37.206  INFO 19544 --- [http-nio-9090-exec-3] c.c.excel.service.UserManagementService  : Role Permissions fetched successfully
2024-12-18 10:01:43.111  INFO 19544 --- [http-nio-9090-exec-6] c.c.excel.service.UserManagementService  : Role Permissions fetched successfully
2024-12-18 10:01:43.981  INFO 19544 --- [http-nio-9090-exec-4] c.c.excel.controller.TemplateController  : Template retrived successlully
2024-12-18 10:01:46.406  INFO 19544 --- [http-nio-9090-exec-10] c.c.excel.controller.TemplateController  : template Details  Fetched Successfully
2024-12-18 10:01:46.452  INFO 19544 --- [http-nio-9090-exec-2] c.c.excel.controller.TemplateController  : Table Columns has been fetched successfully
